Using pre-set license
Built from '2020.3/release' branch; Version is '2020.3.7f1 (dd97f2c94397) revision 14522354'; Using compiler version '192528614'; Build Type 'Release'
OS: 'Windows 10 Pro; OS build 19042.985; Version 2009; 64bit' Language: 'en' Physical Memory: 16255 MB
BatchMode: 1, IsHumanControllingUs: 0, StartBugReporterOnCrash: 0, Is64bit: 1, IsPro: 0

 COMMAND LINE ARGUMENTS:
C:\Program Files\Unity\Hub\Editor\2020.3.7f1\Editor\Unity.exe
-adb2
-batchMode
-noUpm
-name
AssetImportWorker0
-projectPath
C:/Users/Tlamir/Documents/GitHub/Marble_Rolling_Sim/Marble Rolling Sim
-logFile
Logs/AssetImportWorker0.log
-srvPort
65506
Successfully changed project path to: C:/Users/Tlamir/Documents/GitHub/Marble_Rolling_Sim/Marble Rolling Sim
C:/Users/Tlamir/Documents/GitHub/Marble_Rolling_Sim/Marble Rolling Sim
Using Asset Import Pipeline V2.
Refreshing native plugins compatible for Editor in 23.74 ms, found 0 plugins.
Preloading 0 native plugins for Editor in 0.00 ms.
Initialize engine version: 2020.3.7f1 (dd97f2c94397)
[Subsystems] Discovering subsystems at path C:/Program Files/Unity/Hub/Editor/2020.3.7f1/Editor/Data/Resources/UnitySubsystems
[Subsystems] Discovering subsystems at path C:/Users/Tlamir/Documents/GitHub/Marble_Rolling_Sim/Marble Rolling Sim/Assets
GfxDevice: creating device client; threaded=0
Direct3D:
    Version:  Direct3D 11.0 [level 11.1]
    Renderer: NVIDIA GeForce GTX 1060 (ID=0x1c20)
    Vendor:   
    VRAM:     6052 MB
    Driver:   27.21.14.6156
Initialize mono
Mono path[0] = 'C:/Program Files/Unity/Hub/Editor/2020.3.7f1/Editor/Data/Managed'
Mono path[1] = 'C:/Program Files/Unity/Hub/Editor/2020.3.7f1/Editor/Data/MonoBleedingEdge/lib/mono/unityjit'
Mono config path = 'C:/Program Files/Unity/Hub/Editor/2020.3.7f1/Editor/Data/MonoBleedingEdge/etc'
Using monoOptions --debugger-agent=transport=dt_socket,embedding=1,server=y,suspend=n,address=127.0.0.1:56336
Begin MonoManager ReloadAssembly
Registering precompiled unity dll's ...
Register platform support module: C:/Program Files/Unity/Hub/Editor/2020.3.7f1/Editor/Data/PlaybackEngines/WebGLSupport/UnityEditor.WebGL.Extensions.dll
Register platform support module: C:/Program Files/Unity/Hub/Editor/2020.3.7f1/Editor/Data/PlaybackEngines/WindowsStandaloneSupport/UnityEditor.WindowsStandalone.Extensions.dll
Registered in 0.002427 seconds.
Native extension for WindowsStandalone target not found
Native extension for WebGL target not found
Refreshing native plugins compatible for Editor in 21.28 ms, found 0 plugins.
Preloading 0 native plugins for Editor in 0.00 ms.
Mono: successfully reloaded assembly
- Completed reload, in  1.141 seconds
Platform modules already initialized, skipping
Registering precompiled user dll's ...
Registered in 0.000692 seconds.
Begin MonoManager ReloadAssembly
Native extension for WindowsStandalone target not found
Native extension for WebGL target not found
Refreshing native plugins compatible for Editor in 0.20 ms, found 0 plugins.
Preloading 0 native plugins for Editor in 0.00 ms.
Mono: successfully reloaded assembly
- Completed reload, in  0.754 seconds
Platform modules already initialized, skipping
========================================================================
Worker process is ready to serve import requests
Launched and connected shader compiler UnityShaderCompiler.exe after 0.04 seconds
Refreshing native plugins compatible for Editor in 0.22 ms, found 0 plugins.
Preloading 0 native plugins for Editor in 0.00 ms.
Unloading 1121 Unused Serialized files (Serialized files now loaded: 0)
System memory in use before: 79.6 MB.
System memory in use after: 79.6 MB.

Unloading 9 unused Assets to reduce memory usage. Loaded Objects now: 1593.
Total: 1.949700 ms (FindLiveObjects: 0.166800 ms CreateObjectMapping: 0.038700 ms MarkObjects: 1.660400 ms  DeleteObjects: 0.082600 ms)

========================================================================
Received Import Request.
  path: Assets/Scripts/Spawner.cs
  artifactKey: Guid(2dcfacf09ad93714a93e6ba45bbd9b88) Importer(815301076,1909f56bfc062723c751e8b465ee728b)
Start importing Assets/Scripts/Spawner.cs using Guid(2dcfacf09ad93714a93e6ba45bbd9b88) Importer(815301076,1909f56bfc062723c751e8b465ee728b)  -> (artifact id: 'cb8637363d730619d4ae9cde7436aa08') in 0.025406 seconds
  Import took 0.027225 seconds .

========================================================================
Received Prepare
Registering precompiled user dll's ...
Registered in 0.000634 seconds.
Begin MonoManager ReloadAssembly
Native extension for WindowsStandalone target not found
Native extension for WebGL target not found
Refreshing native plugins compatible for Editor in 0.19 ms, found 0 plugins.
Preloading 0 native plugins for Editor in 0.00 ms.
Mono: successfully reloaded assembly
- Completed reload, in  0.717 seconds
Platform modules already initialized, skipping
Refreshing native plugins compatible for Editor in 0.26 ms, found 0 plugins.
Preloading 0 native plugins for Editor in 0.00 ms.
Unloading 1116 Unused Serialized files (Serialized files now loaded: 0)
System memory in use before: 79.5 MB.
System memory in use after: 79.6 MB.

Unloading 5 unused Assets to reduce memory usage. Loaded Objects now: 1596.
Total: 1.600800 ms (FindLiveObjects: 0.151400 ms CreateObjectMapping: 0.038900 ms MarkObjects: 1.346500 ms  DeleteObjects: 0.063100 ms)

========================================================================
Received Prepare
Registering precompiled user dll's ...
Registered in 0.000612 seconds.
Begin MonoManager ReloadAssembly
Native extension for WindowsStandalone target not found
Native extension for WebGL target not found
Refreshing native plugins compatible for Editor in 0.19 ms, found 0 plugins.
Preloading 0 native plugins for Editor in 0.00 ms.
Mono: successfully reloaded assembly
- Completed reload, in  0.725 seconds
Platform modules already initialized, skipping
Refreshing native plugins compatible for Editor in 0.25 ms, found 0 plugins.
Preloading 0 native plugins for Editor in 0.00 ms.
Unloading 1116 Unused Serialized files (Serialized files now loaded: 0)
System memory in use before: 79.6 MB.
System memory in use after: 79.6 MB.

Unloading 5 unused Assets to reduce memory usage. Loaded Objects now: 1599.
Total: 1.654900 ms (FindLiveObjects: 0.137700 ms CreateObjectMapping: 0.031700 ms MarkObjects: 1.375000 ms  DeleteObjects: 0.109500 ms)

========================================================================
Received Prepare
Registering precompiled user dll's ...
Registered in 0.000652 seconds.
Begin MonoManager ReloadAssembly
Native extension for WindowsStandalone target not found
Native extension for WebGL target not found
Refreshing native plugins compatible for Editor in 0.28 ms, found 0 plugins.
Preloading 0 native plugins for Editor in 0.00 ms.
Mono: successfully reloaded assembly
- Completed reload, in  0.713 seconds
Platform modules already initialized, skipping
Refreshing native plugins compatible for Editor in 0.24 ms, found 0 plugins.
Preloading 0 native plugins for Editor in 0.00 ms.
Unloading 1116 Unused Serialized files (Serialized files now loaded: 0)
System memory in use before: 79.6 MB.
System memory in use after: 79.6 MB.

Unloading 5 unused Assets to reduce memory usage. Loaded Objects now: 1602.
Total: 2.232000 ms (FindLiveObjects: 0.203100 ms CreateObjectMapping: 0.040200 ms MarkObjects: 1.896200 ms  DeleteObjects: 0.091500 ms)

========================================================================
Received Prepare
Registering precompiled user dll's ...
Registered in 0.000634 seconds.
Begin MonoManager ReloadAssembly
Native extension for WindowsStandalone target not found
Native extension for WebGL target not found
Refreshing native plugins compatible for Editor in 0.18 ms, found 0 plugins.
Preloading 0 native plugins for Editor in 0.00 ms.
Mono: successfully reloaded assembly
- Completed reload, in  0.726 seconds
Platform modules already initialized, skipping
Refreshing native plugins compatible for Editor in 0.33 ms, found 0 plugins.
Preloading 0 native plugins for Editor in 0.00 ms.
Unloading 1116 Unused Serialized files (Serialized files now loaded: 0)
System memory in use before: 79.6 MB.
System memory in use after: 79.6 MB.

Unloading 5 unused Assets to reduce memory usage. Loaded Objects now: 1605.
Total: 1.877900 ms (FindLiveObjects: 0.357400 ms CreateObjectMapping: 0.041400 ms MarkObjects: 1.408000 ms  DeleteObjects: 0.069300 ms)

========================================================================
Received Prepare
Registering precompiled user dll's ...
Registered in 0.000721 seconds.
Begin MonoManager ReloadAssembly
Native extension for WindowsStandalone target not found
Native extension for WebGL target not found
Refreshing native plugins compatible for Editor in 0.20 ms, found 0 plugins.
Preloading 0 native plugins for Editor in 0.00 ms.
Mono: successfully reloaded assembly
- Completed reload, in  0.715 seconds
Platform modules already initialized, skipping
Refreshing native plugins compatible for Editor in 0.19 ms, found 0 plugins.
Preloading 0 native plugins for Editor in 0.00 ms.
Unloading 1116 Unused Serialized files (Serialized files now loaded: 0)
System memory in use before: 79.6 MB.
System memory in use after: 79.7 MB.

Unloading 5 unused Assets to reduce memory usage. Loaded Objects now: 1608.
Total: 2.718300 ms (FindLiveObjects: 0.163700 ms CreateObjectMapping: 0.047300 ms MarkObjects: 2.433900 ms  DeleteObjects: 0.072000 ms)

========================================================================
Received Prepare
Registering precompiled user dll's ...
Registered in 0.000678 seconds.
Begin MonoManager ReloadAssembly
Native extension for WindowsStandalone target not found
Native extension for WebGL target not found
Refreshing native plugins compatible for Editor in 0.22 ms, found 0 plugins.
Preloading 0 native plugins for Editor in 0.00 ms.
Mono: successfully reloaded assembly
- Completed reload, in  0.736 seconds
Platform modules already initialized, skipping
Refreshing native plugins compatible for Editor in 0.43 ms, found 0 plugins.
Preloading 0 native plugins for Editor in 0.00 ms.
Unloading 1116 Unused Serialized files (Serialized files now loaded: 0)
System memory in use before: 79.6 MB.
System memory in use after: 79.7 MB.

Unloading 5 unused Assets to reduce memory usage. Loaded Objects now: 1611.
Total: 1.764300 ms (FindLiveObjects: 0.191800 ms CreateObjectMapping: 0.050600 ms MarkObjects: 1.456000 ms  DeleteObjects: 0.064600 ms)

========================================================================
Received Prepare
Registering precompiled user dll's ...
Registered in 0.000631 seconds.
Begin MonoManager ReloadAssembly
Native extension for WindowsStandalone target not found
Native extension for WebGL target not found
Refreshing native plugins compatible for Editor in 0.20 ms, found 0 plugins.
Preloading 0 native plugins for Editor in 0.00 ms.
Mono: successfully reloaded assembly
- Completed reload, in  0.718 seconds
Platform modules already initialized, skipping
Refreshing native plugins compatible for Editor in 0.21 ms, found 0 plugins.
Preloading 0 native plugins for Editor in 0.00 ms.
Unloading 1116 Unused Serialized files (Serialized files now loaded: 0)
System memory in use before: 79.6 MB.
System memory in use after: 79.7 MB.

Unloading 5 unused Assets to reduce memory usage. Loaded Objects now: 1614.
Total: 1.867100 ms (FindLiveObjects: 0.124800 ms CreateObjectMapping: 0.033400 ms MarkObjects: 1.640100 ms  DeleteObjects: 0.067900 ms)

========================================================================
Received Prepare
Registering precompiled user dll's ...
Registered in 0.001518 seconds.
Begin MonoManager ReloadAssembly
Native extension for WindowsStandalone target not found
Native extension for WebGL target not found
Refreshing native plugins compatible for Editor in 0.38 ms, found 0 plugins.
Preloading 0 native plugins for Editor in 0.00 ms.
Mono: successfully reloaded assembly
- Completed reload, in  0.818 seconds
Platform modules already initialized, skipping
Refreshing native plugins compatible for Editor in 0.25 ms, found 0 plugins.
Preloading 0 native plugins for Editor in 0.00 ms.
Unloading 1116 Unused Serialized files (Serialized files now loaded: 0)
System memory in use before: 79.6 MB.
System memory in use after: 79.7 MB.

Unloading 5 unused Assets to reduce memory usage. Loaded Objects now: 1617.
Total: 1.981300 ms (FindLiveObjects: 0.252400 ms CreateObjectMapping: 0.082200 ms MarkObjects: 1.544500 ms  DeleteObjects: 0.101000 ms)

========================================================================
Received Prepare
Registering precompiled user dll's ...
Registered in 0.001201 seconds.
Begin MonoManager ReloadAssembly
Native extension for WindowsStandalone target not found
Native extension for WebGL target not found
Refreshing native plugins compatible for Editor in 0.19 ms, found 0 plugins.
Preloading 0 native plugins for Editor in 0.00 ms.
Mono: successfully reloaded assembly
- Completed reload, in  0.695 seconds
Platform modules already initialized, skipping
Refreshing native plugins compatible for Editor in 0.23 ms, found 0 plugins.
Preloading 0 native plugins for Editor in 0.00 ms.
Unloading 1116 Unused Serialized files (Serialized files now loaded: 0)
System memory in use before: 79.6 MB.
System memory in use after: 79.7 MB.

Unloading 5 unused Assets to reduce memory usage. Loaded Objects now: 1620.
Total: 1.925500 ms (FindLiveObjects: 0.157500 ms CreateObjectMapping: 0.082300 ms MarkObjects: 1.621500 ms  DeleteObjects: 0.063200 ms)

========================================================================
Received Prepare
Registering precompiled user dll's ...
Registered in 0.001374 seconds.
Begin MonoManager ReloadAssembly
Native extension for WindowsStandalone target not found
Native extension for WebGL target not found
Refreshing native plugins compatible for Editor in 0.19 ms, found 0 plugins.
Preloading 0 native plugins for Editor in 0.00 ms.
Mono: successfully reloaded assembly
- Completed reload, in  0.880 seconds
Platform modules already initialized, skipping
Refreshing native plugins compatible for Editor in 0.26 ms, found 0 plugins.
Preloading 0 native plugins for Editor in 0.00 ms.
Unloading 1116 Unused Serialized files (Serialized files now loaded: 0)
System memory in use before: 79.6 MB.
System memory in use after: 79.7 MB.

Unloading 5 unused Assets to reduce memory usage. Loaded Objects now: 1623.
Total: 1.918500 ms (FindLiveObjects: 0.283300 ms CreateObjectMapping: 0.078400 ms MarkObjects: 1.465600 ms  DeleteObjects: 0.089900 ms)

========================================================================
Received Prepare
Registering precompiled user dll's ...
Registered in 0.000636 seconds.
Begin MonoManager ReloadAssembly
Native extension for WindowsStandalone target not found
Native extension for WebGL target not found
Refreshing native plugins compatible for Editor in 0.19 ms, found 0 plugins.
Preloading 0 native plugins for Editor in 0.00 ms.
Mono: successfully reloaded assembly
- Completed reload, in  0.720 seconds
Platform modules already initialized, skipping
Refreshing native plugins compatible for Editor in 0.23 ms, found 0 plugins.
Preloading 0 native plugins for Editor in 0.00 ms.
Unloading 1116 Unused Serialized files (Serialized files now loaded: 0)
System memory in use before: 79.6 MB.
System memory in use after: 79.7 MB.

Unloading 5 unused Assets to reduce memory usage. Loaded Objects now: 1626.
Total: 2.177300 ms (FindLiveObjects: 0.398000 ms CreateObjectMapping: 0.074000 ms MarkObjects: 1.642400 ms  DeleteObjects: 0.061800 ms)

========================================================================
Received Prepare
Registering precompiled user dll's ...
Registered in 0.000688 seconds.
Begin MonoManager ReloadAssembly
Native extension for WindowsStandalone target not found
Native extension for WebGL target not found
Refreshing native plugins compatible for Editor in 0.19 ms, found 0 plugins.
Preloading 0 native plugins for Editor in 0.00 ms.
Mono: successfully reloaded assembly
- Completed reload, in  0.726 seconds
Platform modules already initialized, skipping
Refreshing native plugins compatible for Editor in 0.22 ms, found 0 plugins.
Preloading 0 native plugins for Editor in 0.00 ms.
Unloading 1116 Unused Serialized files (Serialized files now loaded: 0)
System memory in use before: 79.6 MB.
System memory in use after: 79.7 MB.

Unloading 5 unused Assets to reduce memory usage. Loaded Objects now: 1629.
Total: 1.700700 ms (FindLiveObjects: 0.136500 ms CreateObjectMapping: 0.041500 ms MarkObjects: 1.461600 ms  DeleteObjects: 0.060100 ms)

========================================================================
Received Prepare
Registering precompiled user dll's ...
Registered in 0.000629 seconds.
Begin MonoManager ReloadAssembly
Native extension for WindowsStandalone target not found
Native extension for WebGL target not found
Refreshing native plugins compatible for Editor in 0.19 ms, found 0 plugins.
Preloading 0 native plugins for Editor in 0.00 ms.
Mono: successfully reloaded assembly
- Completed reload, in  0.691 seconds
Platform modules already initialized, skipping
Refreshing native plugins compatible for Editor in 0.23 ms, found 0 plugins.
Preloading 0 native plugins for Editor in 0.00 ms.
Unloading 1116 Unused Serialized files (Serialized files now loaded: 0)
System memory in use before: 79.6 MB.
System memory in use after: 79.7 MB.

Unloading 5 unused Assets to reduce memory usage. Loaded Objects now: 1632.
Total: 1.986900 ms (FindLiveObjects: 0.258800 ms CreateObjectMapping: 0.082400 ms MarkObjects: 1.541200 ms  DeleteObjects: 0.103500 ms)

========================================================================
Received Prepare
Registering precompiled user dll's ...
Registered in 0.000744 seconds.
Begin MonoManager ReloadAssembly
Native extension for WindowsStandalone target not found
Native extension for WebGL target not found
Refreshing native plugins compatible for Editor in 0.19 ms, found 0 plugins.
Preloading 0 native plugins for Editor in 0.00 ms.
Mono: successfully reloaded assembly
- Completed reload, in  0.786 seconds
Platform modules already initialized, skipping
Refreshing native plugins compatible for Editor in 0.24 ms, found 0 plugins.
Preloading 0 native plugins for Editor in 0.00 ms.
Unloading 1116 Unused Serialized files (Serialized files now loaded: 0)
System memory in use before: 79.6 MB.
System memory in use after: 79.7 MB.

Unloading 5 unused Assets to reduce memory usage. Loaded Objects now: 1635.
Total: 1.540100 ms (FindLiveObjects: 0.131400 ms CreateObjectMapping: 0.047900 ms MarkObjects: 1.298800 ms  DeleteObjects: 0.061200 ms)

========================================================================
Received Prepare
Registering precompiled user dll's ...
Registered in 0.000616 seconds.
Begin MonoManager ReloadAssembly
Native extension for WindowsStandalone target not found
Native extension for WebGL target not found
Refreshing native plugins compatible for Editor in 0.19 ms, found 0 plugins.
Preloading 0 native plugins for Editor in 0.00 ms.
Mono: successfully reloaded assembly
- Completed reload, in  0.689 seconds
Platform modules already initialized, skipping
Refreshing native plugins compatible for Editor in 0.22 ms, found 0 plugins.
Preloading 0 native plugins for Editor in 0.00 ms.
Unloading 1116 Unused Serialized files (Serialized files now loaded: 0)
System memory in use before: 79.6 MB.
System memory in use after: 79.7 MB.

Unloading 5 unused Assets to reduce memory usage. Loaded Objects now: 1638.
Total: 1.924100 ms (FindLiveObjects: 0.156500 ms CreateObjectMapping: 0.051200 ms MarkObjects: 1.647700 ms  DeleteObjects: 0.067300 ms)

========================================================================
Received Prepare
Registering precompiled user dll's ...
Registered in 0.000767 seconds.
Begin MonoManager ReloadAssembly
Native extension for WindowsStandalone target not found
Native extension for WebGL target not found
Refreshing native plugins compatible for Editor in 0.28 ms, found 0 plugins.
Preloading 0 native plugins for Editor in 0.00 ms.
Mono: successfully reloaded assembly
- Completed reload, in  0.786 seconds
Platform modules already initialized, skipping
Refreshing native plugins compatible for Editor in 0.22 ms, found 0 plugins.
Preloading 0 native plugins for Editor in 0.00 ms.
Unloading 1117 Unused Serialized files (Serialized files now loaded: 0)
System memory in use before: 79.7 MB.
System memory in use after: 79.7 MB.

Unloading 5 unused Assets to reduce memory usage. Loaded Objects now: 1642.
Total: 1.719000 ms (FindLiveObjects: 0.157200 ms CreateObjectMapping: 0.039800 ms MarkObjects: 1.460000 ms  DeleteObjects: 0.061000 ms)

========================================================================
Received Import Request.
  Time since last request: 2424.348757 seconds.
  path: Assets/BuyyonClick.cs
  artifactKey: Guid(08e53a7ecd1a6d8459d0a567e502402f) Importer(815301076,1909f56bfc062723c751e8b465ee728b)
Start importing Assets/BuyyonClick.cs using Guid(08e53a7ecd1a6d8459d0a567e502402f) Importer(815301076,1909f56bfc062723c751e8b465ee728b)  -> (artifact id: '6be4fbf8d202e905ccf4bf82cea1b01e') in 0.008039 seconds
  Import took 0.010006 seconds .

========================================================================
Received Prepare
Registering precompiled user dll's ...
Registered in 0.000601 seconds.
Begin MonoManager ReloadAssembly
Native extension for WindowsStandalone target not found
Native extension for WebGL target not found
Refreshing native plugins compatible for Editor in 0.21 ms, found 0 plugins.
Preloading 0 native plugins for Editor in 0.00 ms.
Mono: successfully reloaded assembly
- Completed reload, in  0.787 seconds
Platform modules already initialized, skipping
Refreshing native plugins compatible for Editor in 0.24 ms, found 0 plugins.
Preloading 0 native plugins for Editor in 0.00 ms.
Unloading 1117 Unused Serialized files (Serialized files now loaded: 0)
System memory in use before: 79.7 MB.
System memory in use after: 79.8 MB.

Unloading 5 unused Assets to reduce memory usage. Loaded Objects now: 1645.
Total: 1.978600 ms (FindLiveObjects: 0.250100 ms CreateObjectMapping: 0.073100 ms MarkObjects: 1.593000 ms  DeleteObjects: 0.061400 ms)

========================================================================
Received Prepare
Registering precompiled user dll's ...
Registered in 0.000750 seconds.
Begin MonoManager ReloadAssembly
Native extension for WindowsStandalone target not found
Native extension for WebGL target not found
Refreshing native plugins compatible for Editor in 0.19 ms, found 0 plugins.
Preloading 0 native plugins for Editor in 0.00 ms.
Mono: successfully reloaded assembly
- Completed reload, in  0.696 seconds
Platform modules already initialized, skipping
Refreshing native plugins compatible for Editor in 0.19 ms, found 0 plugins.
Preloading 0 native plugins for Editor in 0.00 ms.
Unloading 1116 Unused Serialized files (Serialized files now loaded: 0)
System memory in use before: 79.7 MB.
System memory in use after: 79.7 MB.

Unloading 6 unused Assets to reduce memory usage. Loaded Objects now: 1647.
Total: 1.577100 ms (FindLiveObjects: 0.126200 ms CreateObjectMapping: 0.037500 ms MarkObjects: 1.354200 ms  DeleteObjects: 0.058300 ms)

========================================================================
Received Import Request.
  Time since last request: 136.136471 seconds.
  path: Assets/Materials/Walls and floors v.1/Textures/Column_Textures/Column_AO.png
  artifactKey: Guid(21dbac0ff21284a308c2fc8985df1dcf) Importer(815301076,1909f56bfc062723c751e8b465ee728b)
Start importing Assets/Materials/Walls and floors v.1/Textures/Column_Textures/Column_AO.png using Guid(21dbac0ff21284a308c2fc8985df1dcf) Importer(815301076,1909f56bfc062723c751e8b465ee728b)  -> (artifact id: '0857bbdbaf8999c958ebe5bd8b92fd06') in 0.109892 seconds
  Import took 0.111906 seconds .

========================================================================
Received Import Request.
  Time since last request: 0.000469 seconds.
  path: Assets/Materials/Walls and floors v.1/Textures/Column_Textures/Column_NP.png
  artifactKey: Guid(b65177f7663f0456ba2240c45d7959cd) Importer(815301076,1909f56bfc062723c751e8b465ee728b)
Start importing Assets/Materials/Walls and floors v.1/Textures/Column_Textures/Column_NP.png using Guid(b65177f7663f0456ba2240c45d7959cd) Importer(815301076,1909f56bfc062723c751e8b465ee728b)  -> (artifact id: '05629ef410f413b41af139b0cc8ae092') in 0.060394 seconds
  Import took 0.062266 seconds .

========================================================================
Received Import Request.
  Time since last request: 0.000325 seconds.
  path: Assets/Materials/Walls and floors v.1/Textures/Column_Textures/Column_AO.png
  artifactKey: Guid(21dbac0ff21284a308c2fc8985df1dcf) Importer(815301076,1909f56bfc062723c751e8b465ee728b)
Start importing Assets/Materials/Walls and floors v.1/Textures/Column_Textures/Column_AO.png using Guid(21dbac0ff21284a308c2fc8985df1dcf) Importer(815301076,1909f56bfc062723c751e8b465ee728b)  -> (artifact id: '0857bbdbaf8999c958ebe5bd8b92fd06') in 0.014496 seconds
  Import took 0.016655 seconds .

========================================================================
Received Import Request.
  Time since last request: 0.000311 seconds.
  path: Assets/Materials/Walls and floors v.1/Textures/Column_Textures/Column_NP.png
  artifactKey: Guid(b65177f7663f0456ba2240c45d7959cd) Importer(815301076,1909f56bfc062723c751e8b465ee728b)
Start importing Assets/Materials/Walls and floors v.1/Textures/Column_Textures/Column_NP.png using Guid(b65177f7663f0456ba2240c45d7959cd) Importer(815301076,1909f56bfc062723c751e8b465ee728b)  -> (artifact id: '05629ef410f413b41af139b0cc8ae092') in 0.015400 seconds
  Import took 0.017693 seconds .

========================================================================
Received Import Request.
  Time since last request: 0.000330 seconds.
  path: Assets/Materials/Walls and floors v.1/Textures/Column_Textures/Column_texture.png
  artifactKey: Guid(32fc46775528a49d7875ea30c121755e) Importer(815301076,1909f56bfc062723c751e8b465ee728b)
Start importing Assets/Materials/Walls and floors v.1/Textures/Column_Textures/Column_texture.png using Guid(32fc46775528a49d7875ea30c121755e) Importer(815301076,1909f56bfc062723c751e8b465ee728b)  -> (artifact id: '04b29f2c6c6ab9fc2b98e692703077fd') in 0.023280 seconds
  Import took 0.025339 seconds .

========================================================================
Received Import Request.
  Time since last request: 0.782481 seconds.
  path: Assets/Materials/pattern 28/diffuse.tga
  artifactKey: Guid(9250723e51492364abb4f24680a3a5b3) Importer(815301076,1909f56bfc062723c751e8b465ee728b)
Start importing Assets/Materials/pattern 28/diffuse.tga using Guid(9250723e51492364abb4f24680a3a5b3) Importer(815301076,1909f56bfc062723c751e8b465ee728b)  -> (artifact id: '7226b6ef3750f24142bea84c3c5c1768') in 0.030732 seconds
  Import took 0.032751 seconds .

========================================================================
Received Import Request.
  Time since last request: 0.000307 seconds.
  path: Assets/Materials/pattern 29/diffuse.tga
  artifactKey: Guid(3e1fdc47833902e45a7d1beab6c83b4f) Importer(815301076,1909f56bfc062723c751e8b465ee728b)
Start importing Assets/Materials/pattern 29/diffuse.tga using Guid(3e1fdc47833902e45a7d1beab6c83b4f) Importer(815301076,1909f56bfc062723c751e8b465ee728b)  -> (artifact id: 'c304d8f567b1e5e23ae6380ea6d8b758') in 0.013144 seconds
  Import took 0.014908 seconds .

========================================================================
Received Import Request.
  Time since last request: 0.000298 seconds.
  path: Assets/Materials/pattern 30/diffuse.tga
  artifactKey: Guid(cf54ca3e7acb32d4693f50824fc13fa5) Importer(815301076,1909f56bfc062723c751e8b465ee728b)
Start importing Assets/Materials/pattern 30/diffuse.tga using Guid(cf54ca3e7acb32d4693f50824fc13fa5) Importer(815301076,1909f56bfc062723c751e8b465ee728b)  -> (artifact id: 'a7bbaaa7408d3ea797bb4a11b2377e19') in 0.025150 seconds
  Import took 0.027058 seconds .

========================================================================
Received Import Request.
  Time since last request: 0.555952 seconds.
  path: Assets/Materials/Walls and floors v.1/Textures/Floor_1_Textures/Floor_1_AO.png
  artifactKey: Guid(fa3d98176581c4b98be21e6d58891ada) Importer(815301076,1909f56bfc062723c751e8b465ee728b)
Start importing Assets/Materials/Walls and floors v.1/Textures/Floor_1_Textures/Floor_1_AO.png using Guid(fa3d98176581c4b98be21e6d58891ada) Importer(815301076,1909f56bfc062723c751e8b465ee728b)  -> (artifact id: '0a9d72a1209a88e15d845e57a285e5e1') in 0.012969 seconds
  Import took 0.015083 seconds .

========================================================================
Received Import Request.
  Time since last request: 0.000343 seconds.
  path: Assets/Materials/Walls and floors v.1/Textures/Floor_1_Textures/Floor_1_NM.png
  artifactKey: Guid(2701b2a097ee04f82a5f8390e5597367) Importer(815301076,1909f56bfc062723c751e8b465ee728b)
Start importing Assets/Materials/Walls and floors v.1/Textures/Floor_1_Textures/Floor_1_NM.png using Guid(2701b2a097ee04f82a5f8390e5597367) Importer(815301076,1909f56bfc062723c751e8b465ee728b)  -> (artifact id: 'f7d2a7dfd378348da9ed653a59322f3e') in 0.017033 seconds
  Import took 0.019356 seconds .

========================================================================
Received Import Request.
  Time since last request: 0.000335 seconds.
  path: Assets/Materials/Walls and floors v.1/Textures/Floor_1_Textures/Floor_1_texture.png
  artifactKey: Guid(0342270508b4249cba4c3c911cf3cdd2) Importer(815301076,1909f56bfc062723c751e8b465ee728b)
Start importing Assets/Materials/Walls and floors v.1/Textures/Floor_1_Textures/Floor_1_texture.png using Guid(0342270508b4249cba4c3c911cf3cdd2) Importer(815301076,1909f56bfc062723c751e8b465ee728b)  -> (artifact id: '42fad30dcd088daf7b556b8db1d3472f') in 0.014301 seconds
  Import took 0.017328 seconds .

========================================================================
Received Import Request.
  Time since last request: 0.000294 seconds.
  path: Assets/Materials/Walls and floors v.1/Textures/Floor_1_Textures/Floor_1_AO.png
  artifactKey: Guid(fa3d98176581c4b98be21e6d58891ada) Importer(815301076,1909f56bfc062723c751e8b465ee728b)
Start importing Assets/Materials/Walls and floors v.1/Textures/Floor_1_Textures/Floor_1_AO.png using Guid(fa3d98176581c4b98be21e6d58891ada) Importer(815301076,1909f56bfc062723c751e8b465ee728b)  -> (artifact id: '0a9d72a1209a88e15d845e57a285e5e1') in 0.012427 seconds
  Import took 0.014271 seconds .

========================================================================
Received Import Request.
  Time since last request: 0.008820 seconds.
  path: Assets/Materials/Walls and floors v.1/Textures/Floor_2_Textures/Floor_2_AO.png
  artifactKey: Guid(ae1016b4ac461439c9c055942a0f44ca) Importer(815301076,1909f56bfc062723c751e8b465ee728b)
Start importing Assets/Materials/Walls and floors v.1/Textures/Floor_2_Textures/Floor_2_AO.png using Guid(ae1016b4ac461439c9c055942a0f44ca) Importer(815301076,1909f56bfc062723c751e8b465ee728b)  -> (artifact id: 'a79d9daafc6601719851ef2dfc0ee1cf') in 0.025565 seconds
  Import took 0.027737 seconds .

========================================================================
Received Import Request.
  Time since last request: 0.000249 seconds.
  path: Assets/Materials/Walls and floors v.1/Textures/Floor_2_Textures/Floor_2_texture.png
  artifactKey: Guid(81e6af82c21e441ad9b013c9f4d715a4) Importer(815301076,1909f56bfc062723c751e8b465ee728b)
Start importing Assets/Materials/Walls and floors v.1/Textures/Floor_2_Textures/Floor_2_texture.png using Guid(81e6af82c21e441ad9b013c9f4d715a4) Importer(815301076,1909f56bfc062723c751e8b465ee728b)  -> (artifact id: '69537b1461e14add4eb385ebb6f20947') in 0.017124 seconds
  Import took 0.019222 seconds .

========================================================================
Received Import Request.
  Time since last request: 0.000279 seconds.
  path: Assets/Materials/Walls and floors v.1/Textures/Floor_2_Textures/Floor_2_NP.png
  artifactKey: Guid(749a46716360b4f39bd96472214e8b90) Importer(815301076,1909f56bfc062723c751e8b465ee728b)
Start importing Assets/Materials/Walls and floors v.1/Textures/Floor_2_Textures/Floor_2_NP.png using Guid(749a46716360b4f39bd96472214e8b90) Importer(815301076,1909f56bfc062723c751e8b465ee728b)  -> (artifact id: '3f4ffad15f1b0d584c3f6b4d20030418') in 0.023901 seconds
  Import took 0.025824 seconds .

========================================================================
Received Import Request.
  Time since last request: 0.395698 seconds.
  path: Assets/Materials/Walls and floors v.1/Textures/Floor_3_Textures/Floor_3_AO.png
  artifactKey: Guid(0c7982c5e516e43aca7c846aad19f8b9) Importer(815301076,1909f56bfc062723c751e8b465ee728b)
Start importing Assets/Materials/Walls and floors v.1/Textures/Floor_3_Textures/Floor_3_AO.png using Guid(0c7982c5e516e43aca7c846aad19f8b9) Importer(815301076,1909f56bfc062723c751e8b465ee728b)  -> (artifact id: '7a3f802d2ec5076783e99390a2fd89d9') in 0.018770 seconds
  Import took 0.021527 seconds .

========================================================================
Received Import Request.
  Time since last request: 0.000286 seconds.
  path: Assets/Materials/Walls and floors v.1/Textures/Floor_3_Textures/Floor_3_Texture.png
  artifactKey: Guid(b7709d4ba04d44dc79a9678aac156ed0) Importer(815301076,1909f56bfc062723c751e8b465ee728b)
Start importing Assets/Materials/Walls and floors v.1/Textures/Floor_3_Textures/Floor_3_Texture.png using Guid(b7709d4ba04d44dc79a9678aac156ed0) Importer(815301076,1909f56bfc062723c751e8b465ee728b)  -> (artifact id: '1a48f726f0c773593af9a3c16d571ef2') in 0.020264 seconds
  Import took 0.021909 seconds .

========================================================================
Received Import Request.
  Time since last request: 0.000260 seconds.
  path: Assets/Materials/Walls and floors v.1/Prefabs/Gate.prefab
  artifactKey: Guid(223c3537591534e049ea27729f725c99) Importer(815301076,1909f56bfc062723c751e8b465ee728b)
Start importing Assets/Materials/Walls and floors v.1/Prefabs/Gate.prefab using Guid(223c3537591534e049ea27729f725c99) Importer(815301076,1909f56bfc062723c751e8b465ee728b)  -> (artifact id: 'dc373533a8e59c5e428a582d303d0fdd') in 0.095275 seconds
  Import took 0.097072 seconds .

========================================================================
Received Import Request.
  Time since last request: 0.000278 seconds.
  path: Assets/Materials/Walls and floors v.1/Textures/Floor_3_Textures/Floor_3_NM.png
  artifactKey: Guid(2267832dbe10246c196a49a61841478d) Importer(815301076,1909f56bfc062723c751e8b465ee728b)
Start importing Assets/Materials/Walls and floors v.1/Textures/Floor_3_Textures/Floor_3_NM.png using Guid(2267832dbe10246c196a49a61841478d) Importer(815301076,1909f56bfc062723c751e8b465ee728b)  -> (artifact id: 'd9abcb0a0f04725f5dbe64cbf2f01f23') in 0.019845 seconds
  Import took 0.021768 seconds .

========================================================================
Received Import Request.
  Time since last request: 0.000372 seconds.
  path: Assets/Materials/Walls and floors v.1/Textures/Floor_3_Textures/Floor_3_AO.png
  artifactKey: Guid(0c7982c5e516e43aca7c846aad19f8b9) Importer(815301076,1909f56bfc062723c751e8b465ee728b)
Start importing Assets/Materials/Walls and floors v.1/Textures/Floor_3_Textures/Floor_3_AO.png using Guid(0c7982c5e516e43aca7c846aad19f8b9) Importer(815301076,1909f56bfc062723c751e8b465ee728b)  -> (artifact id: '7a3f802d2ec5076783e99390a2fd89d9') in 0.015808 seconds
  Import took 0.017803 seconds .

========================================================================
Received Import Request.
  Time since last request: 0.188351 seconds.
  path: Assets/Materials/Walls and floors v.1/Textures/Gate_Textures/Gate_AO.png
  artifactKey: Guid(9db1b9c80222247e6b87bf206c16186a) Importer(815301076,1909f56bfc062723c751e8b465ee728b)
Start importing Assets/Materials/Walls and floors v.1/Textures/Gate_Textures/Gate_AO.png using Guid(9db1b9c80222247e6b87bf206c16186a) Importer(815301076,1909f56bfc062723c751e8b465ee728b)  -> (artifact id: 'ab6759062d2ac2a10a55c43768c1296a') in 0.012854 seconds
  Import took 0.015263 seconds .

========================================================================
Received Import Request.
  Time since last request: 0.000298 seconds.
  path: Assets/Materials/Walls and floors v.1/Textures/Gate_Textures/Gate_texture.png
  artifactKey: Guid(9c71fd17786684766ab4c91085936f4f) Importer(815301076,1909f56bfc062723c751e8b465ee728b)
Start importing Assets/Materials/Walls and floors v.1/Textures/Gate_Textures/Gate_texture.png using Guid(9c71fd17786684766ab4c91085936f4f) Importer(815301076,1909f56bfc062723c751e8b465ee728b)  -> (artifact id: 'a84ee9d73f31aa45bbf5fbd9e9f285a0') in 0.014252 seconds
  Import took 0.016414 seconds .

========================================================================
Received Import Request.
  Time since last request: 0.000296 seconds.
  path: Assets/Materials/Walls and floors v.1/Textures/Gate_Textures/Gate_NM.png
  artifactKey: Guid(f6862a52a6bd5464c890601ce8ab921f) Importer(815301076,1909f56bfc062723c751e8b465ee728b)
Start importing Assets/Materials/Walls and floors v.1/Textures/Gate_Textures/Gate_NM.png using Guid(f6862a52a6bd5464c890601ce8ab921f) Importer(815301076,1909f56bfc062723c751e8b465ee728b)  -> (artifact id: '1e4643b2d2745b81ea16493976fdeb75') in 0.016375 seconds
  Import took 0.018558 seconds .

========================================================================
Received Import Request.
  Time since last request: 0.034773 seconds.
  path: Assets/Physic/MarbleP.physicMaterial
  artifactKey: Guid(8f10581d4c918a748a7107681754c40a) Importer(815301076,1909f56bfc062723c751e8b465ee728b)
Start importing Assets/Physic/MarbleP.physicMaterial using Guid(8f10581d4c918a748a7107681754c40a) Importer(815301076,1909f56bfc062723c751e8b465ee728b)  -> (artifact id: '58c42aed282b1cbff5cbcab26c6a72ed') in 0.007839 seconds
  Import took 0.010132 seconds .

========================================================================
Received Import Request.
  Time since last request: 1.112461 seconds.
  path: Assets/Materials/pattern 28/Metal pattern 28.mat
  artifactKey: Guid(582d2cfd4842c954d82eba0d037da054) Importer(815301076,1909f56bfc062723c751e8b465ee728b)
Start importing Assets/Materials/pattern 28/Metal pattern 28.mat using Guid(582d2cfd4842c954d82eba0d037da054) Importer(815301076,1909f56bfc062723c751e8b465ee728b)  -> (artifact id: '2e428b5fd44f76f7c57557dd9198d4f8') in 0.040857 seconds
  Import took 0.043306 seconds .

========================================================================
Received Import Request.
  Time since last request: 0.000479 seconds.
  path: Assets/Materials/pattern 29/preview.jpg
  artifactKey: Guid(2b9634ce47c642d4ea97ff72fdc06de2) Importer(815301076,1909f56bfc062723c751e8b465ee728b)
Start importing Assets/Materials/pattern 29/preview.jpg using Guid(2b9634ce47c642d4ea97ff72fdc06de2) Importer(815301076,1909f56bfc062723c751e8b465ee728b)  -> (artifact id: '1bcdf945d8d1bdce392bc5cadd65500f') in 0.024301 seconds
  Import took 0.026461 seconds .

========================================================================
Received Import Request.
  Time since last request: 0.000272 seconds.
  path: Assets/Materials/pattern 28/preview.jpg
  artifactKey: Guid(fb1dca2f45dfa354ebf2b2389bb79350) Importer(815301076,1909f56bfc062723c751e8b465ee728b)
Start importing Assets/Materials/pattern 28/preview.jpg using Guid(fb1dca2f45dfa354ebf2b2389bb79350) Importer(815301076,1909f56bfc062723c751e8b465ee728b)  -> (artifact id: '374632240474be8fcaa1f84697f41b60') in 0.019149 seconds
  Import took 0.021000 seconds .

========================================================================
Received Import Request.
  Time since last request: 0.000249 seconds.
  path: Assets/Materials/pattern 29/Metal pattern 29.mat
  artifactKey: Guid(374f7fc393e611f42b1b1c62a25ad445) Importer(815301076,1909f56bfc062723c751e8b465ee728b)
Start importing Assets/Materials/pattern 29/Metal pattern 29.mat using Guid(374f7fc393e611f42b1b1c62a25ad445) Importer(815301076,1909f56bfc062723c751e8b465ee728b)  -> (artifact id: '0901867d1859cd700399c2a294a1421c') in 0.014833 seconds
  Import took 0.016931 seconds .

========================================================================
Received Import Request.
  Time since last request: 0.000293 seconds.
  path: Assets/Materials/Walls and floors v.1/Textures/Wall_2_Textures/Wall_2_NM.png
  artifactKey: Guid(ff18050eee87541c29a27b0a6a400074) Importer(815301076,1909f56bfc062723c751e8b465ee728b)
Start importing Assets/Materials/Walls and floors v.1/Textures/Wall_2_Textures/Wall_2_NM.png using Guid(ff18050eee87541c29a27b0a6a400074) Importer(815301076,1909f56bfc062723c751e8b465ee728b)  -> (artifact id: '7bf109e4895121a32d3345b87f51ee63') in 0.024197 seconds
  Import took 0.026018 seconds .

========================================================================
Received Import Request.
  Time since last request: 0.000248 seconds.
  path: Assets/Materials/Walls and floors v.1/Prefabs/Wall_3.prefab
  artifactKey: Guid(b34c96d0679b74a818838799b3336861) Importer(815301076,1909f56bfc062723c751e8b465ee728b)
Start importing Assets/Materials/Walls and floors v.1/Prefabs/Wall_3.prefab using Guid(b34c96d0679b74a818838799b3336861) Importer(815301076,1909f56bfc062723c751e8b465ee728b)  -> (artifact id: '3e3582dabe8b6e9cb0c52e9db205f698') in 0.063395 seconds
  Import took 0.065474 seconds .

========================================================================
Received Import Request.
  Time since last request: 0.000214 seconds.
  path: Assets/Materials/Walls and floors v.1/Textures/Wall_2_Textures/Wall_2_AO.png
  artifactKey: Guid(5bbdba5ebd5fd46699d82f032c79fd09) Importer(815301076,1909f56bfc062723c751e8b465ee728b)
Start importing Assets/Materials/Walls and floors v.1/Textures/Wall_2_Textures/Wall_2_AO.png using Guid(5bbdba5ebd5fd46699d82f032c79fd09) Importer(815301076,1909f56bfc062723c751e8b465ee728b)  -> (artifact id: '895849dbd1fc93887041dbcf4265e076') in 0.021154 seconds
  Import took 0.023258 seconds .

========================================================================
Received Import Request.
  Time since last request: 0.000219 seconds.
  path: Assets/Materials/pattern 29/normal.tga
  artifactKey: Guid(0159247c1edd6e04ba13df2d223c036a) Importer(815301076,1909f56bfc062723c751e8b465ee728b)
Start importing Assets/Materials/pattern 29/normal.tga using Guid(0159247c1edd6e04ba13df2d223c036a) Importer(815301076,1909f56bfc062723c751e8b465ee728b)  -> (artifact id: 'f1738f04f272cdcaaa8d2fab5e20ad14') in 0.012562 seconds
  Import took 0.014515 seconds .

========================================================================
Received Import Request.
  Time since last request: 0.000259 seconds.
  path: Assets/Materials/pattern 30/Metal pattern 30.mat
  artifactKey: Guid(6412fc3d848100c499da33874dbf7c38) Importer(815301076,1909f56bfc062723c751e8b465ee728b)
Start importing Assets/Materials/pattern 30/Metal pattern 30.mat using Guid(6412fc3d848100c499da33874dbf7c38) Importer(815301076,1909f56bfc062723c751e8b465ee728b)  -> (artifact id: '9f8373fbd67128b6e01d06f40f1d5c91') in 0.025660 seconds
  Import took 0.027503 seconds .

========================================================================
Received Import Request.
  Time since last request: 0.000294 seconds.
  path: Assets/Materials/pattern 30/preview.jpg
  artifactKey: Guid(89b58fb78de21fc4ab46e367468eeeda) Importer(815301076,1909f56bfc062723c751e8b465ee728b)
Start importing Assets/Materials/pattern 30/preview.jpg using Guid(89b58fb78de21fc4ab46e367468eeeda) Importer(815301076,1909f56bfc062723c751e8b465ee728b)  -> (artifact id: '22e57d372f779c0cbcf290c84b19300e') in 0.019539 seconds
  Import took 0.021257 seconds .

========================================================================
Received Import Request.
  Time since last request: 0.000240 seconds.
  path: Assets/Materials/Wooden floor/Wooden floor 01/Wooden floor normal.tga
  artifactKey: Guid(4ee2b7fdbd28a6c488200be86572be5c) Importer(815301076,1909f56bfc062723c751e8b465ee728b)
Start importing Assets/Materials/Wooden floor/Wooden floor 01/Wooden floor normal.tga using Guid(4ee2b7fdbd28a6c488200be86572be5c) Importer(815301076,1909f56bfc062723c751e8b465ee728b)  -> (artifact id: 'a778cc34ab5a63eb4d4752609eeecd3a') in 0.012206 seconds
  Import took 0.014129 seconds .

========================================================================
Received Import Request.
  Time since last request: 0.000235 seconds.
  path: Assets/Materials/pattern 30/normal.tga
  artifactKey: Guid(abef4bb70b2ac9d4d88cf773aa70bbea) Importer(815301076,1909f56bfc062723c751e8b465ee728b)
Start importing Assets/Materials/pattern 30/normal.tga using Guid(abef4bb70b2ac9d4d88cf773aa70bbea) Importer(815301076,1909f56bfc062723c751e8b465ee728b)  -> (artifact id: '4d32512ddad2f1ed4c53639e95db3cee') in 0.011749 seconds
  Import took 0.013805 seconds .

========================================================================
Received Import Request.
  Time since last request: 0.000233 seconds.
  path: Assets/Materials/pattern 28/normal.tga
  artifactKey: Guid(005a1d4e1062dd94587a2e0167cab73c) Importer(815301076,1909f56bfc062723c751e8b465ee728b)
Start importing Assets/Materials/pattern 28/normal.tga using Guid(005a1d4e1062dd94587a2e0167cab73c) Importer(815301076,1909f56bfc062723c751e8b465ee728b)  -> (artifact id: 'c9cc5393a676f3abd840fc86a456003c') in 0.012316 seconds
  Import took 0.014337 seconds .

========================================================================
Received Import Request.
  Time since last request: 0.000255 seconds.
  path: Assets/Materials/Walls and floors v.1/Textures/Wall_2_Textures/Wall_2_Texture.png
  artifactKey: Guid(e0cd25bbbc02b4ffab371c74713a53df) Importer(815301076,1909f56bfc062723c751e8b465ee728b)
Start importing Assets/Materials/Walls and floors v.1/Textures/Wall_2_Textures/Wall_2_Texture.png using Guid(e0cd25bbbc02b4ffab371c74713a53df) Importer(815301076,1909f56bfc062723c751e8b465ee728b)  -> (artifact id: '600970a2745c9f674ae5d3e71743d6f6') in 0.019876 seconds
  Import took 0.021762 seconds .

========================================================================
Received Import Request.
  Time since last request: 0.000300 seconds.
  path: Assets/Materials/Walls and floors v.1/Prefabs/Wall_2.prefab
  artifactKey: Guid(e125ee33af41143b8becc869e2706998) Importer(815301076,1909f56bfc062723c751e8b465ee728b)
Start importing Assets/Materials/Walls and floors v.1/Prefabs/Wall_2.prefab using Guid(e125ee33af41143b8becc869e2706998) Importer(815301076,1909f56bfc062723c751e8b465ee728b)  -> (artifact id: 'b8787bb480297e2a3ee5202a80d120ac') in 0.029600 seconds
  Import took 0.031621 seconds .

========================================================================
Received Import Request.
  Time since last request: 0.050828 seconds.
  path: Assets/Materials/Wooden floor/Wooden floor 01/Wooden floor diffuse.tga
  artifactKey: Guid(cd80b1a4d37ec0d44a2a9a70219c67a8) Importer(815301076,1909f56bfc062723c751e8b465ee728b)
Start importing Assets/Materials/Wooden floor/Wooden floor 01/Wooden floor diffuse.tga using Guid(cd80b1a4d37ec0d44a2a9a70219c67a8) Importer(815301076,1909f56bfc062723c751e8b465ee728b)  -> (artifact id: '2f53f15ad1322f4f769ab3186a6b2238') in 0.010489 seconds
  Import took 0.012635 seconds .

========================================================================
Received Import Request.
  Time since last request: 0.000416 seconds.
  path: Assets/Materials/Wooden floor/Wooden floor 01/Wooden floor 01.mat
  artifactKey: Guid(b5198f8af2f2fb74d81edc8ca9d255ce) Importer(815301076,1909f56bfc062723c751e8b465ee728b)
Start importing Assets/Materials/Wooden floor/Wooden floor 01/Wooden floor 01.mat using Guid(b5198f8af2f2fb74d81edc8ca9d255ce) Importer(815301076,1909f56bfc062723c751e8b465ee728b)  -> (artifact id: '76366fc246ee3b7773e8124c798053ec') in 0.014555 seconds
  Import took 0.017177 seconds .

========================================================================
Received Import Request.
  Time since last request: 0.023328 seconds.
  path: Assets/Materials/Walls and floors v.1/Textures/Wall_3_Textures/Wall_3_NM.png
  artifactKey: Guid(ffbb533ad468848d29f3fd03eb86f972) Importer(815301076,1909f56bfc062723c751e8b465ee728b)
Start importing Assets/Materials/Walls and floors v.1/Textures/Wall_3_Textures/Wall_3_NM.png using Guid(ffbb533ad468848d29f3fd03eb86f972) Importer(815301076,1909f56bfc062723c751e8b465ee728b)  -> (artifact id: 'adc440c1f797f5db70713612c15e4b05') in 0.013865 seconds
  Import took 0.015787 seconds .

========================================================================
Received Import Request.
  Time since last request: 0.000284 seconds.
  path: Assets/Materials/Walls and floors v.1/Textures/Wall_1_Textures/Wall_NP.png
  artifactKey: Guid(24a3dfcebf01343b1846211bc1f5b249) Importer(815301076,1909f56bfc062723c751e8b465ee728b)
Start importing Assets/Materials/Walls and floors v.1/Textures/Wall_1_Textures/Wall_NP.png using Guid(24a3dfcebf01343b1846211bc1f5b249) Importer(815301076,1909f56bfc062723c751e8b465ee728b)  -> (artifact id: '8de0ed30f552a6e3f9e0d9cb7735180f') in 0.024444 seconds
  Import took 0.026431 seconds .

========================================================================
Received Import Request.
  Time since last request: 0.000227 seconds.
  path: Assets/Materials/Walls and floors v.1/Textures/Wall_3_Textures/Wall_3_texture.png
  artifactKey: Guid(f75148d39d77f4242817f379dba4772e) Importer(815301076,1909f56bfc062723c751e8b465ee728b)
Start importing Assets/Materials/Walls and floors v.1/Textures/Wall_3_Textures/Wall_3_texture.png using Guid(f75148d39d77f4242817f379dba4772e) Importer(815301076,1909f56bfc062723c751e8b465ee728b)  -> (artifact id: 'ec215c117a39e745df1c306d263155e5') in 0.017714 seconds
  Import took 0.019920 seconds .

========================================================================
Received Import Request.
  Time since last request: 0.000257 seconds.
  path: Assets/Materials/Walls and floors v.1/Textures/Wall_1_Textures/Wall_AO.png
  artifactKey: Guid(0c87e3dfc26a5462e9c127223eaee2f0) Importer(815301076,1909f56bfc062723c751e8b465ee728b)
Start importing Assets/Materials/Walls and floors v.1/Textures/Wall_1_Textures/Wall_AO.png using Guid(0c87e3dfc26a5462e9c127223eaee2f0) Importer(815301076,1909f56bfc062723c751e8b465ee728b)  -> (artifact id: '3e49246182745d005ef9ca53df47b7ad') in 0.022176 seconds
  Import took 0.024063 seconds .

========================================================================
Received Import Request.
  Time since last request: 0.000351 seconds.
  path: Assets/Materials/Walls and floors v.1/Prefabs/Wall_1.prefab
  artifactKey: Guid(9b7976d86d126403b9493d55c4fea382) Importer(815301076,1909f56bfc062723c751e8b465ee728b)
Start importing Assets/Materials/Walls and floors v.1/Prefabs/Wall_1.prefab using Guid(9b7976d86d126403b9493d55c4fea382) Importer(815301076,1909f56bfc062723c751e8b465ee728b)  -> (artifact id: '23d1325d114601f4619ffc08dfeca483') in 0.039459 seconds
  Import took 0.041556 seconds .

========================================================================
Received Import Request.
  Time since last request: 0.000238 seconds.
  path: Assets/Materials/Walls and floors v.1/Textures/Wall_1_Textures/Wall_texture.png
  artifactKey: Guid(acf54073de994459aa2933731765a935) Importer(815301076,1909f56bfc062723c751e8b465ee728b)
Start importing Assets/Materials/Walls and floors v.1/Textures/Wall_1_Textures/Wall_texture.png using Guid(acf54073de994459aa2933731765a935) Importer(815301076,1909f56bfc062723c751e8b465ee728b)  -> (artifact id: '175588154945418c275327b31c0ccafa') in 0.014833 seconds
  Import took 0.016840 seconds .

========================================================================
Received Import Request.
  Time since last request: 14.198718 seconds.
  path: Assets/Scripts/ButtonClick.cs
  artifactKey: Guid(515f3425cdbe9a9439a694cea4764516) Importer(815301076,1909f56bfc062723c751e8b465ee728b)
Start importing Assets/Scripts/ButtonClick.cs using Guid(515f3425cdbe9a9439a694cea4764516) Importer(815301076,1909f56bfc062723c751e8b465ee728b)  -> (artifact id: '6bf847598033ff6e92ed3ee587a3eb7b') in 0.007561 seconds
  Import took 0.009732 seconds .

========================================================================
Received Prepare
Registering precompiled user dll's ...
Registered in 0.000592 seconds.
Begin MonoManager ReloadAssembly
Native extension for WindowsStandalone target not found
Native extension for WebGL target not found
Refreshing native plugins compatible for Editor in 0.21 ms, found 0 plugins.
Preloading 0 native plugins for Editor in 0.00 ms.
Mono: successfully reloaded assembly
- Completed reload, in  0.698 seconds
Platform modules already initialized, skipping
Refreshing native plugins compatible for Editor in 0.22 ms, found 0 plugins.
Preloading 0 native plugins for Editor in 0.00 ms.
Unloading 1117 Unused Serialized files (Serialized files now loaded: 0)
System memory in use before: 83.1 MB.
System memory in use after: 83.2 MB.

Unloading 5 unused Assets to reduce memory usage. Loaded Objects now: 1695.
Total: 1.571000 ms (FindLiveObjects: 0.135800 ms CreateObjectMapping: 0.033600 ms MarkObjects: 1.341300 ms  DeleteObjects: 0.059400 ms)

========================================================================
Received Prepare
Registering precompiled user dll's ...
Registered in 0.000656 seconds.
Begin MonoManager ReloadAssembly
Native extension for WindowsStandalone target not found
Native extension for WebGL target not found
Refreshing native plugins compatible for Editor in 0.20 ms, found 0 plugins.
Preloading 0 native plugins for Editor in 0.00 ms.
Mono: successfully reloaded assembly
- Completed reload, in  0.713 seconds
Platform modules already initialized, skipping
Refreshing native plugins compatible for Editor in 0.22 ms, found 0 plugins.
Preloading 0 native plugins for Editor in 0.00 ms.
Unloading 1117 Unused Serialized files (Serialized files now loaded: 0)
System memory in use before: 83.1 MB.
System memory in use after: 83.2 MB.

Unloading 5 unused Assets to reduce memory usage. Loaded Objects now: 1698.
Total: 1.902300 ms (FindLiveObjects: 0.151600 ms CreateObjectMapping: 0.038000 ms MarkObjects: 1.648700 ms  DeleteObjects: 0.063000 ms)

========================================================================
Received Import Request.
  Time since last request: 59.261110 seconds.
  path: Assets/Scripts/ButtonClick.cs
  artifactKey: Guid(515f3425cdbe9a9439a694cea4764516) Importer(815301076,1909f56bfc062723c751e8b465ee728b)
Start importing Assets/Scripts/ButtonClick.cs using Guid(515f3425cdbe9a9439a694cea4764516) Importer(815301076,1909f56bfc062723c751e8b465ee728b)  -> (artifact id: 'efbdaf68e5c55e792bb7078a50b5695e') in 0.003607 seconds
  Import took 0.005585 seconds .

========================================================================
Received Prepare
Registering precompiled user dll's ...
Registered in 0.000678 seconds.
Begin MonoManager ReloadAssembly
Native extension for WindowsStandalone target not found
Native extension for WebGL target not found
Refreshing native plugins compatible for Editor in 0.19 ms, found 0 plugins.
Preloading 0 native plugins for Editor in 0.00 ms.
Mono: successfully reloaded assembly
- Completed reload, in  0.690 seconds
Platform modules already initialized, skipping
Refreshing native plugins compatible for Editor in 0.19 ms, found 0 plugins.
Preloading 0 native plugins for Editor in 0.00 ms.
Unloading 1117 Unused Serialized files (Serialized files now loaded: 0)
System memory in use before: 83.1 MB.
System memory in use after: 83.2 MB.

Unloading 5 unused Assets to reduce memory usage. Loaded Objects now: 1701.
Total: 1.718000 ms (FindLiveObjects: 0.189600 ms CreateObjectMapping: 0.040600 ms MarkObjects: 1.421700 ms  DeleteObjects: 0.064400 ms)

========================================================================
Received Prepare
Registering precompiled user dll's ...
Registered in 0.000654 seconds.
Begin MonoManager ReloadAssembly
Native extension for WindowsStandalone target not found
Native extension for WebGL target not found
Refreshing native plugins compatible for Editor in 0.19 ms, found 0 plugins.
Preloading 0 native plugins for Editor in 0.00 ms.
Mono: successfully reloaded assembly
- Completed reload, in  0.701 seconds
Platform modules already initialized, skipping
Refreshing native plugins compatible for Editor in 0.24 ms, found 0 plugins.
Preloading 0 native plugins for Editor in 0.00 ms.
Unloading 1117 Unused Serialized files (Serialized files now loaded: 0)
System memory in use before: 83.1 MB.
System memory in use after: 83.2 MB.

Unloading 5 unused Assets to reduce memory usage. Loaded Objects now: 1704.
Total: 1.956600 ms (FindLiveObjects: 0.205100 ms CreateObjectMapping: 0.038200 ms MarkObjects: 1.643500 ms  DeleteObjects: 0.068800 ms)

========================================================================
Received Import Request.
  Time since last request: 203.559084 seconds.
  path: Assets/Scripts/ButtonClick.cs
  artifactKey: Guid(515f3425cdbe9a9439a694cea4764516) Importer(815301076,1909f56bfc062723c751e8b465ee728b)
Start importing Assets/Scripts/ButtonClick.cs using Guid(515f3425cdbe9a9439a694cea4764516) Importer(815301076,1909f56bfc062723c751e8b465ee728b)  -> (artifact id: '2111f9453403339ed87bbefa22ec45ec') in 0.008192 seconds
  Import took 0.010197 seconds .

========================================================================
Received Prepare
Registering precompiled user dll's ...
Registered in 0.000793 seconds.
Begin MonoManager ReloadAssembly
Native extension for WindowsStandalone target not found
Native extension for WebGL target not found
Refreshing native plugins compatible for Editor in 0.19 ms, found 0 plugins.
Preloading 0 native plugins for Editor in 0.00 ms.
Mono: successfully reloaded assembly
- Completed reload, in  0.710 seconds
Platform modules already initialized, skipping
Refreshing native plugins compatible for Editor in 0.22 ms, found 0 plugins.
Preloading 0 native plugins for Editor in 0.00 ms.
Unloading 1117 Unused Serialized files (Serialized files now loaded: 0)
System memory in use before: 83.1 MB.
System memory in use after: 83.2 MB.

Unloading 5 unused Assets to reduce memory usage. Loaded Objects now: 1707.
Total: 1.584000 ms (FindLiveObjects: 0.181900 ms CreateObjectMapping: 0.055700 ms MarkObjects: 1.285300 ms  DeleteObjects: 0.060200 ms)

========================================================================
Received Prepare
Registering precompiled user dll's ...
Registered in 0.000678 seconds.
Begin MonoManager ReloadAssembly
Native extension for WindowsStandalone target not found
Native extension for WebGL target not found
Refreshing native plugins compatible for Editor in 0.19 ms, found 0 plugins.
Preloading 0 native plugins for Editor in 0.00 ms.
Mono: successfully reloaded assembly
- Completed reload, in  0.801 seconds
Platform modules already initialized, skipping
Refreshing native plugins compatible for Editor in 0.20 ms, found 0 plugins.
Preloading 0 native plugins for Editor in 0.00 ms.
Unloading 1117 Unused Serialized files (Serialized files now loaded: 0)
System memory in use before: 83.1 MB.
System memory in use after: 83.2 MB.

Unloading 5 unused Assets to reduce memory usage. Loaded Objects now: 1710.
Total: 2.201000 ms (FindLiveObjects: 0.161600 ms CreateObjectMapping: 0.065500 ms MarkObjects: 1.904100 ms  DeleteObjects: 0.069100 ms)

========================================================================
Received Prepare
Registering precompiled user dll's ...
Registered in 0.000662 seconds.
Begin MonoManager ReloadAssembly
Native extension for WindowsStandalone target not found
Native extension for WebGL target not found
Refreshing native plugins compatible for Editor in 0.18 ms, found 0 plugins.
Preloading 0 native plugins for Editor in 0.00 ms.
Mono: successfully reloaded assembly
- Completed reload, in  0.698 seconds
Platform modules already initialized, skipping
Refreshing native plugins compatible for Editor in 0.23 ms, found 0 plugins.
Preloading 0 native plugins for Editor in 0.00 ms.
Unloading 1117 Unused Serialized files (Serialized files now loaded: 0)
System memory in use before: 83.1 MB.
System memory in use after: 83.2 MB.

Unloading 5 unused Assets to reduce memory usage. Loaded Objects now: 1713.
Total: 1.766800 ms (FindLiveObjects: 0.176300 ms CreateObjectMapping: 0.047800 ms MarkObjects: 1.474200 ms  DeleteObjects: 0.066800 ms)

========================================================================
Received Prepare
Registering precompiled user dll's ...
Registered in 0.000840 seconds.
Begin MonoManager ReloadAssembly
Native extension for WindowsStandalone target not found
Native extension for WebGL target not found
Refreshing native plugins compatible for Editor in 0.19 ms, found 0 plugins.
Preloading 0 native plugins for Editor in 0.00 ms.
Mono: successfully reloaded assembly
- Completed reload, in  0.706 seconds
Platform modules already initialized, skipping
Refreshing native plugins compatible for Editor in 0.22 ms, found 0 plugins.
Preloading 0 native plugins for Editor in 0.00 ms.
Unloading 1117 Unused Serialized files (Serialized files now loaded: 0)
System memory in use before: 83.1 MB.
System memory in use after: 83.2 MB.

Unloading 5 unused Assets to reduce memory usage. Loaded Objects now: 1716.
Total: 2.019200 ms (FindLiveObjects: 0.141900 ms CreateObjectMapping: 0.034700 ms MarkObjects: 1.774000 ms  DeleteObjects: 0.067100 ms)

========================================================================
Received Import Request.
  Time since last request: 679.663048 seconds.
  path: Assets/Images
  artifactKey: Guid(0c48cfb12f2ac5345bcb0d8da6c4619d) Importer(815301076,1909f56bfc062723c751e8b465ee728b)
Start importing Assets/Images using Guid(0c48cfb12f2ac5345bcb0d8da6c4619d) Importer(815301076,1909f56bfc062723c751e8b465ee728b)  -> (artifact id: '1e93b092b7577991d8aa16d0bb1c228a') in 0.010822 seconds
  Import took 0.013359 seconds .

========================================================================
Received Import Request.
  Time since last request: 0.001775 seconds.
  path: Assets/Images
  artifactKey: Guid(0c48cfb12f2ac5345bcb0d8da6c4619d) Importer(815301076,1909f56bfc062723c751e8b465ee728b)
Start importing Assets/Images using Guid(0c48cfb12f2ac5345bcb0d8da6c4619d) Importer(815301076,1909f56bfc062723c751e8b465ee728b)  -> (artifact id: '1e93b092b7577991d8aa16d0bb1c228a') in 0.002776 seconds
  Import took 0.004637 seconds .

========================================================================
Received Import Request.
  Time since last request: 95.104015 seconds.
  path: Assets/Xml/wOdataset.xml
  artifactKey: Guid(2fd9f15f642b7244f8d08ea5938bac85) Importer(815301076,1909f56bfc062723c751e8b465ee728b)
Start importing Assets/Xml/wOdataset.xml using Guid(2fd9f15f642b7244f8d08ea5938bac85) Importer(815301076,1909f56bfc062723c751e8b465ee728b)  -> (artifact id: '0e1054db3bd6234266acadb42c708a41') in 0.019543 seconds
  Import took 0.021632 seconds .

========================================================================
Received Import Request.
  Time since last request: 0.010142 seconds.
  path: Assets/Xml/wOdataset.xml
  artifactKey: Guid(2fd9f15f642b7244f8d08ea5938bac85) Importer(815301076,1909f56bfc062723c751e8b465ee728b)
Start importing Assets/Xml/wOdataset.xml using Guid(2fd9f15f642b7244f8d08ea5938bac85) Importer(815301076,1909f56bfc062723c751e8b465ee728b)  -> (artifact id: '0e1054db3bd6234266acadb42c708a41') in 0.003472 seconds
  Import took 0.005922 seconds .

========================================================================
Received Prepare
Registering precompiled user dll's ...
Registered in 0.000703 seconds.
Begin MonoManager ReloadAssembly
Native extension for WindowsStandalone target not found
Native extension for WebGL target not found
Refreshing native plugins compatible for Editor in 0.19 ms, found 0 plugins.
Preloading 0 native plugins for Editor in 0.00 ms.
Mono: successfully reloaded assembly
- Completed reload, in  0.678 seconds
Platform modules already initialized, skipping
Refreshing native plugins compatible for Editor in 0.26 ms, found 0 plugins.
Preloading 0 native plugins for Editor in 0.00 ms.
Unloading 1117 Unused Serialized files (Serialized files now loaded: 0)
System memory in use before: 83.2 MB.
System memory in use after: 83.2 MB.

Unloading 5 unused Assets to reduce memory usage. Loaded Objects now: 1719.
Total: 1.835700 ms (FindLiveObjects: 0.206100 ms CreateObjectMapping: 0.044800 ms MarkObjects: 1.494000 ms  DeleteObjects: 0.069500 ms)

========================================================================
Received Prepare
Registering precompiled user dll's ...
Registered in 0.001421 seconds.
Begin MonoManager ReloadAssembly
Native extension for WindowsStandalone target not found
Native extension for WebGL target not found
Refreshing native plugins compatible for Editor in 0.19 ms, found 0 plugins.
Preloading 0 native plugins for Editor in 0.00 ms.
Mono: successfully reloaded assembly
- Completed reload, in  0.700 seconds
Platform modules already initialized, skipping
Refreshing native plugins compatible for Editor in 0.22 ms, found 0 plugins.
Preloading 0 native plugins for Editor in 0.00 ms.
Unloading 1117 Unused Serialized files (Serialized files now loaded: 0)
System memory in use before: 83.2 MB.
System memory in use after: 83.2 MB.

Unloading 5 unused Assets to reduce memory usage. Loaded Objects now: 1722.
Total: 2.291300 ms (FindLiveObjects: 0.177100 ms CreateObjectMapping: 0.033000 ms MarkObjects: 2.017000 ms  DeleteObjects: 0.063300 ms)

========================================================================
Received Prepare
Registering precompiled user dll's ...
Registered in 0.000678 seconds.
Begin MonoManager ReloadAssembly
Native extension for WindowsStandalone target not found
Native extension for WebGL target not found
Refreshing native plugins compatible for Editor in 0.19 ms, found 0 plugins.
Preloading 0 native plugins for Editor in 0.00 ms.
Mono: successfully reloaded assembly
- Completed reload, in  0.719 seconds
Platform modules already initialized, skipping
Refreshing native plugins compatible for Editor in 0.22 ms, found 0 plugins.
Preloading 0 native plugins for Editor in 0.00 ms.
Unloading 1117 Unused Serialized files (Serialized files now loaded: 0)
System memory in use before: 83.2 MB.
System memory in use after: 83.2 MB.

Unloading 5 unused Assets to reduce memory usage. Loaded Objects now: 1725.
Total: 1.705700 ms (FindLiveObjects: 0.140100 ms CreateObjectMapping: 0.041100 ms MarkObjects: 1.465800 ms  DeleteObjects: 0.057800 ms)

AssetImportWorkerClient::OnTransportError - code=2 error=End of file
